Loading data...
Loaded 167 problems from 3 JSON files
Found 27 sentences with diff >= 0.35
Across 26 different problems

Analyzing problem pn=700...
  Analyzing sentence 15 (diff=0.38)...
  Analyzing sentence 21 (diff=0.52)...

Analyzing problem pn=715...
  Analyzing sentence 21 (diff=0.72)...

Analyzing problem pn=768...
  Analyzing sentence 11 (diff=0.42)...

Analyzing problem pn=819...
  Analyzing sentence 22 (diff=0.40)...

Analyzing problem pn=877...
  Analyzing sentence 9 (diff=0.36)...

Analyzing problem pn=972...
  Analyzing sentence 11 (diff=0.82)...

Analyzing problem pn=26...
  Analyzing sentence 18 (diff=0.38)...

Analyzing problem pn=37...
  Analyzing sentence 11 (diff=0.38)...

Analyzing problem pn=59...
  Analyzing sentence 4 (diff=0.76)...

Analyzing problem pn=62...
  Analyzing sentence 2 (diff=0.64)...

Analyzing problem pn=119...
  Analyzing sentence 12 (diff=0.36)...

Analyzing problem pn=145...
  Analyzing sentence 9 (diff=0.72)...

Analyzing problem pn=212...
  Analyzing sentence 22 (diff=0.40)...

Analyzing problem pn=277...
  Analyzing sentence 7 (diff=0.42)...

Analyzing problem pn=288...
  Analyzing sentence 11 (diff=0.82)...

Analyzing problem pn=295...
  Analyzing sentence 9 (diff=0.36)...

Analyzing problem pn=309...
  Analyzing sentence 2 (diff=0.36)...

Analyzing problem pn=324...
  Analyzing sentence 7 (diff=0.42)...

Analyzing problem pn=339...
  Analyzing sentence 10 (diff=0.42)...

Analyzing problem pn=408...
  Analyzing sentence 10 (diff=0.42)...

Analyzing problem pn=1188...
  Analyzing sentence 10 (diff=0.36)...

Analyzing problem pn=1219...
  Analyzing sentence 8 (diff=0.82)...

Analyzing problem pn=1249...
  Analyzing sentence 12 (diff=0.36)...

Analyzing problem pn=1347...
  Analyzing sentence 17 (diff=0.40)...

Analyzing problem pn=1515...
  Analyzing sentence 11 (diff=0.54)...

Analyzing problem pn=1579...
  Analyzing sentence 21 (diff=0.58)...

Writing results to pivotal_sentence_analysis.md...
✓ Analysis complete! Results saved to pivotal_sentence_analysis.md
  Total pivotal sentences analyzed: 27
